<?xml version="1.0" encoding="utf-8"?><testsuites><testsuite name="pytest" errors="0" failures="0" skipped="0" tests="8" time="0.341" timestamp="2026-09-08T13:51:45.594896+08:00" hostname="debian"><testcase classname="tests.unit.test_reaka_r3_transfer_target_lineage_diag" name="test_structural_mature_anchors_exclude_tail_without_t_plus_20" time="0.309" /><testcase classname="tests.unit.test_reaka_r3_transfer_target_lineage_diag" name="test_anchor_choice_is_date_structure_only" time="0.001" /><testcase classname="tests.unit.test_reaka_r3_transfer_target_lineage_diag" name="test_maxdiff_rejects_support_drift_and_numeric_drift" time="0.001" /><testcase classname="tests.unit.test_reaka_r3_transfer_target_lineage_diag" name="test_maxdiff_shape_drift_is_not_silently_compared" time="0.000" /><testcase classname="tests.unit.test_reaka_r3_transfer_target_lineage_diag" name="test_required_future_raw_does_not_guess_alternative" time="0.002" /><testcase classname="tests.unit.test_reaka_r3_transfer_target_lineage_diag" name="test_self_test_runs_without_factorlab_or_market_arrays" time="0.001" /><testcase classname="tests.unit.test_reaka_r3_transfer_target_lineage_diag" name="test_diagnostic_source_contains_no_scoring_or_sidecar_execution" time="0.000" /><testcase classname="tests.unit.test_reaka_r3_transfer_target_lineage_diag" name="test_diagnosis_precedence_is_conservative_in_source" time="0.000" /></testsuite></testsuites>