<?xml version="1.0" encoding="utf-8"?><testsuites><testsuite name="pytest" errors="0" failures="0" skipped="0" tests="49" time="1.713" timestamp="2026-09-07T18:41:25.479620+08:00" hostname="debian"><testcase classname="tests.unit.test_reaka_r3_x_decomposition" name="test_projection_keeps_shape_and_slot_zero[H]" time="0.002" /><testcase classname="tests.unit.test_reaka_r3_x_decomposition" name="test_projection_keeps_shape_and_slot_zero[E]" time="0.001" /><testcase classname="tests.unit.test_reaka_r3_x_decomposition" name="test_projection_keeps_shape_and_slot_zero[F]" time="0.001" /><testcase classname="tests.unit.test_reaka_r3_x_decomposition" name="test_projection_keeps_shape_and_slot_zero[STATE_VALUE_PLUS_E]" time="0.001" /><testcase classname="tests.unit.test_reaka_r3_x_decomposition" name="test_projection_keeps_shape_and_slot_zero[BETA_ONLY]" time="0.001" /><testcase classname="tests.unit.test_reaka_r3_x_decomposition" name="test_projection_keeps_shape_and_slot_zero[BETA_RELIABILITY]" time="0.001" /><testcase classname="tests.unit.test_reaka_r3_x_decomposition" name="test_H_removes_all_direct_x" time="0.001" /><testcase classname="tests.unit.test_reaka_r3_x_decomposition" name="test_E_keeps_only_exposure_package" time="0.001" /><testcase classname="tests.unit.test_reaka_r3_x_decomposition" name="test_F_keeps_incumbent_channels_only" time="0.001" /><testcase classname="tests.unit.test_reaka_r3_x_decomposition" name="test_fine_views_are_ordered_not_symmetric" time="0.001" /><testcase classname="tests.unit.test_reaka_r3_x_decomposition" name="test_binary_mask_drift_rejected_before_projection" time="0.001" /><testcase classname="tests.unit.test_reaka_r3_x_decomposition" name="test_previous_calendar_month_year_boundary" time="0.001" /><testcase classname="tests.unit.test_reaka_r3_x_decomposition" name="test_monthly_mapping_uses_each_endpoints_own_previous_month" time="0.001" /><testcase classname="tests.unit.test_reaka_r3_x_decomposition" name="test_monthly_future_availability_rejected" time="0.001" /><testcase classname="tests.unit.test_reaka_r3_x_decomposition" name="test_monthly_missing_month_rejected_not_neutralized" time="0.001" /><testcase classname="tests.unit.test_reaka_r3_x_decomposition" name="test_monthly_injection_changes_only_channel_70" time="0.001" /><testcase classname="tests.unit.test_reaka_r3_x_decomposition" name="test_design_does_not_claim_formula_identity_or_authorize_fine_stage" time="0.001" /><testcase classname="tests.unit.test_reaka_r3_x_decomposition" name="test_monthly_store_view_uses_sequence_endpoint_months_without_targets" time="0.001" /><testcase classname="tests.unit.test_reaka_r3_x_decomposition" name="test_E_model_intercepts_training_and_keeps_only_exposure_tensor" time="1.189" /><testcase classname="tests.unit.test_reaka_r3_x_decomposition" name="test_F_H_E_model_classes_add_no_parameters" time="0.001" /><testcase classname="tests.unit.test_reaka_r3_x_coarse_runner" name="test_budget_is_E_only_six_fits" time="0.183" /><testcase classname="tests.unit.test_reaka_r3_x_coarse_runner" name="test_accepted_pair_common_requires_every_frozen_field" time="0.001" /><testcase classname="tests.unit.test_reaka_r3_x_coarse_runner" name="test_pid_not_part_of_stable_environment_match_but_versions_are" time="0.000" /><testcase classname="tests.unit.test_reaka_r3_x_coarse_runner" name="test_score_coordinate_mismatch_is_hard_error" time="0.000" /><testcase classname="tests.unit.test_reaka_r3_x_coarse_runner" name="test_daily_triplet_and_summary_keep_both_ordered_contrasts" time="0.005" /><testcase classname="tests.unit.test_reaka_r3_x_coarse_runner" name="test_accepted_fh_reconstruction_detects_changed_result" time="0.005" /><testcase classname="tests.unit.test_reaka_r3_x_coarse_runner" name="test_cli_has_only_E_reload_worker_and_no_FH_run_spec_arm" time="0.000" /><testcase classname="tests.unit.test_reaka_r3_x_fine_runner" name="test_budget_is_exactly_three_new_arms_times_two_clocks_times_three_seeds" time="0.011" /><testcase classname="tests.unit.test_reaka_r3_x_fine_runner" name="test_source_stack_contract_uses_repository_root" time="0.001" /><testcase classname="tests.unit.test_reaka_r3_x_fine_runner" name="test_fine_daily_closes_rankic_and_secondary_to_coarse_paths" time="0.005" /><testcase classname="tests.unit.test_reaka_r3_x_fine_runner" name="test_daily_secondary_matches_frozen_decile_and_top30_definition" time="0.004" /><testcase classname="tests.unit.test_reaka_r3_x_fine_runner" name="test_daily_requires_frozen_arm_order" time="0.001" /><testcase classname="tests.unit.test_reaka_r3_x_fine_runner" name="test_reload_worker_refuses_reference_arm_before_runtime_import" time="0.001" /><testcase classname="tests.unit.test_reaka_r3_x_fine_runner" name="test_xcoarse_reconstruction_checks_all_three_existing_contrasts" time="0.003" /><testcase classname="tests.unit.test_reaka_r3_x_fine_runner" name="test_accepted_E_reference_requires_frozen_identity_and_minimum_cycle" time="0.001" /><testcase classname="tests.unit.test_reaka_r3_x_fine_runner" name="test_accepted_E_reference_rejects_identity_drift" time="0.001" /><testcase classname="tests.unit.test_reaka_r3_x_fine_runner" name="test_accepted_E_reference_rejects_future_target_or_nonminimum_checkpoint" time="0.001" /><testcase classname="tests.unit.test_reaka_r3_x_fine_runner" name="test_selected_cycle_tie_requires_earliest_cycle" time="0.000" /><testcase classname="tests.unit.test_reaka_r3_x_fine_runner" name="test_accepted_E_reference_rejects_checkpoint_manifest_mismatch" time="0.001" /><testcase classname="tests.unit.test_reaka_r3_x_fine_runner" name="test_cli_has_mandatory_preflight_and_frozen_entrypoint_blobs" time="0.000" /><testcase classname="tests.unit.test_reaka_r3_x_fine_runner" name="test_no_monthly_arm_in_fine_runner" time="0.000" /><testcase classname="tests.unit.test_reaka_r3_x_fine_preflight" name="test_preflight_source_is_read_only_and_contains_no_fit_or_reload_call" time="0.000" /><testcase classname="tests.unit.test_reaka_r3_x_fine_preflight" name="test_run_checks_both_clocks_before_return" time="0.002" /><testcase classname="tests.unit.test_reaka_r3_x_fine_preflight" name="test_preflight_clock_checks_all_three_seeds_and_reconstructs_xcoarse" time="0.001" /><testcase classname="tests.unit.test_reaka_r3_x_fine_preflight" name="test_cli_makes_preflight_mandatory_before_fine_run" time="0.000" /><testcase classname="tests.unit.test_reaka_r3_x_fine_cli" name="test_cli_frozen_blobs_match_current_fine_sources" time="0.005" /><testcase classname="tests.unit.test_reaka_r3_x_fine_cli" name="test_cli_preflight_precedes_any_fine_run" time="0.001" /><testcase classname="tests.unit.test_reaka_r3_x_fine_cli" name="test_fresh_reload_also_checks_frozen_sources_first" time="0.000" /><testcase classname="tests.unit.test_reaka_r3_x_fine_cli" name="test_cli_passes_repository_root_to_preflight_and_runner" time="0.000" /></testsuite></testsuites>