<?xml version="1.0" encoding="utf-8"?><testsuites><testsuite name="pytest" errors="0" failures="0" skipped="0" tests="35" time="0.202" timestamp="2026-09-07T19:52:18.258614+08:00" hostname="debian"><testcase classname="tests.unit.test_reaka_r3_information_clock_audit" name="test_h20_offsets_not_ten_days" time="0.001" /><testcase classname="tests.unit.test_reaka_r3_information_clock_audit" name="test_constant_mask_is_reported_not_called_a_signal" time="0.003" /><testcase classname="tests.unit.test_reaka_r3_information_clock_audit" name="test_dynamic_fold_patterns_are_separate_from_constant_channels" time="0.002" /><testcase classname="tests.unit.test_reaka_r3_information_clock_audit" name="test_full_reference_variant_zero_is_not_consumed" time="0.001" /><testcase classname="tests.unit.test_reaka_r3_information_clock_audit" name="test_reliability_is_masked_exactly_like_original_store" time="0.002" /><testcase classname="tests.unit.test_reaka_r3_information_clock_audit" name="test_chunking_does_not_change_profile" time="0.004" /><testcase classname="tests.unit.test_reaka_r3_information_clock_audit" name="test_2017_is_context_only_not_a_reported_period" time="0.001" /><testcase classname="tests.unit.test_reaka_r3_information_clock_audit" name="test_empty_extension_is_not_imputed_or_certified" time="0.001" /><testcase classname="tests.unit.test_reaka_r3_information_clock_audit" name="test_invalid_inputs_fail_without_silent_filter[year]" time="0.001" /><testcase classname="tests.unit.test_reaka_r3_information_clock_audit" name="test_invalid_inputs_fail_without_silent_filter[phase]" time="0.001" /><testcase classname="tests.unit.test_reaka_r3_information_clock_audit" name="test_invalid_inputs_fail_without_silent_filter[negative_symbol]" time="0.001" /><testcase classname="tests.unit.test_reaka_r3_information_clock_audit" name="test_invalid_inputs_fail_without_silent_filter[endpoint]" time="0.001" /><testcase classname="tests.unit.test_reaka_r3_information_clock_audit" name="test_invalid_inputs_fail_without_silent_filter[duplicate]" time="0.001" /><testcase classname="tests.unit.test_reaka_r3_information_clock_audit" name="test_invalid_inputs_fail_without_silent_filter[calendar_order]" time="0.000" /><testcase classname="tests.unit.test_reaka_r3_information_clock_audit" name="test_invalid_inputs_fail_without_silent_filter[nonbinary]" time="0.001" /><testcase classname="tests.unit.test_reaka_r3_information_clock_audit" name="test_invalid_inputs_fail_without_silent_filter[nan_reliability]" time="0.001" /><testcase classname="tests.unit.test_reaka_r3_information_clock_audit" name="test_invalid_inputs_fail_without_silent_filter[nan_state]" time="0.001" /><testcase classname="tests.unit.test_reaka_r3_information_clock_audit" name="test_invalid_inputs_fail_without_silent_filter[exposure_duplicate]" time="0.001" /><testcase classname="tests.unit.test_reaka_r3_information_clock_audit" name="test_invalid_inputs_fail_without_silent_filter[nonexact_exposure]" time="0.001" /><testcase classname="tests.unit.test_reaka_r3_information_clock_audit" name="test_2026_store_is_rejected" time="0.000" /><testcase classname="tests.unit.test_reaka_r3_information_clock_audit" name="test_timestamp_requires_source_and_explicit_zone" time="0.000" /><testcase classname="tests.unit.test_reaka_r3_information_clock_audit" name="test_empty_time_evidence_not_a_pass" time="0.000" /><testcase classname="tests.unit.test_reaka_r3_information_clock_audit" name="test_future_lake_ingestion_and_impossible_order_rejected[available_at-2026-05-04T00:00:00+08:00]" time="0.000" /><testcase classname="tests.unit.test_reaka_r3_information_clock_audit" name="test_future_lake_ingestion_and_impossible_order_rejected[dependency_max_at-2018-01-04T15:00:00+08:00]" time="0.000" /><testcase classname="tests.unit.test_reaka_r3_information_clock_audit" name="test_future_lake_ingestion_and_impossible_order_rejected[available_at-2017-12-01T00:00:00+08:00]" time="0.000" /><testcase classname="tests.unit.test_reaka_r3_information_clock_audit" name="test_timezone_equivalence_and_no_pit_claim" time="0.000" /><testcase classname="tests.unit.test_reaka_r3_information_clock_audit" name="test_prefix_comparison_uses_bilateral_support" time="0.000" /><testcase classname="tests.unit.test_reaka_r3_information_clock_audit" name="test_empty_or_all_unavailable_prefix_not_a_pass" time="0.000" /><testcase classname="tests.unit.test_reaka_r3_information_clock_audit" name="test_prefix_invalid_active_nan_and_difference_fail" time="0.000" /><testcase classname="tests.unit.test_reaka_r3_information_clock_audit" name="test_original_store_remains_unchanged_and_no_target_needed" time="0.011" /><testcase classname="tests.unit.test_reaka_r3_information_clock_audit" name="test_wrong_binding_rejected" time="0.003" /><testcase classname="tests.unit.test_reaka_r3_information_clock_audit" name="test_duplicate_json_keys_rejected" time="0.001" /><testcase classname="tests.unit.test_reaka_r3_information_clock_audit" name="test_output_no_overwrite_or_input_overlap" time="0.001" /><testcase classname="tests.unit.test_reaka_r3_information_clock_audit" name="test_cli_target_free_end_to_end_in_fresh_process" time="0.112" /><testcase classname="tests.unit.test_reaka_r3_information_clock_audit" name="test_constant_feature_can_change_ranking_without_new_information" time="0.001" /></testsuite></testsuites>