<?xml version="1.0" encoding="utf-8"?><testsuites><testsuite name="pytest" errors="0" failures="0" skipped="0" tests="71" time="3.306" timestamp="2026-09-08T14:24:47.338624+08:00" hostname="debian"><testcase classname="tests.unit.test_reaka_r3_transfer_target_source_bridge" name="test_future_target_is_entry_open_t_plus_20_over_t" time="0.016" /><testcase classname="tests.unit.test_reaka_r3_transfer_target_source_bridge" name="test_entry_event_is_first_valid_open_strictly_after_clock" time="0.023" /><testcase classname="tests.unit.test_reaka_r3_transfer_target_source_bridge" name="test_invalid_first_open_skips_to_next_valid_minute" time="0.005" /><testcase classname="tests.unit.test_reaka_r3_transfer_target_source_bridge" name="test_conflicting_duplicate_minute_is_rejected" time="0.005" /><testcase classname="tests.unit.test_reaka_r3_transfer_target_source_bridge" name="test_structural_anchors_exclude_unmatured_2020_tail" time="0.001" /><testcase classname="tests.unit.test_reaka_r3_transfer_target_source_bridge" name="test_price_gate_matches_r2_tolerance_but_target_gate_stays_1e7" time="0.001" /><testcase classname="tests.unit.test_reaka_r3_transfer_target_source_bridge" name="test_bounded_calendar_stops_before_2026" time="0.000" /><testcase classname="tests.unit.test_reaka_r3_transfer_target_source_bridge" name="test_r2_auditor_freezes_entry_open_future_formula" time="0.001" /><testcase classname="tests.unit.test_reaka_r3_transfer_target_source_bridge" name="test_successor_label_bridge_requires_target_source_and_preserves_failed_v1" time="0.000" /><testcase classname="tests.unit.test_reaka_r3_transfer_target_source_bridge" name="test_target_and_successor_sources_have_no_model_scoring_entrypoints" time="0.000" /><testcase classname="tests.unit.test_reaka_r3_transfer_target_lineage_diag" name="test_structural_mature_anchors_exclude_tail_without_t_plus_20" time="0.001" /><testcase classname="tests.unit.test_reaka_r3_transfer_target_lineage_diag" name="test_anchor_choice_is_date_structure_only" time="0.001" /><testcase classname="tests.unit.test_reaka_r3_transfer_target_lineage_diag" name="test_maxdiff_rejects_support_drift_and_numeric_drift" time="0.001" /><testcase classname="tests.unit.test_reaka_r3_transfer_target_lineage_diag" name="test_maxdiff_shape_drift_is_not_silently_compared" time="0.001" /><testcase classname="tests.unit.test_reaka_r3_transfer_target_lineage_diag" name="test_required_future_raw_does_not_guess_alternative" time="0.001" /><testcase classname="tests.unit.test_reaka_r3_transfer_target_lineage_diag" name="test_self_test_runs_without_factorlab_or_market_arrays" time="0.001" /><testcase classname="tests.unit.test_reaka_r3_transfer_target_lineage_diag" name="test_diagnostic_source_contains_no_scoring_or_sidecar_execution" time="0.001" /><testcase classname="tests.unit.test_reaka_r3_transfer_target_lineage_diag" name="test_diagnosis_precedence_is_conservative_in_source" time="0.000" /><testcase classname="tests.unit.test_reaka_r3_transfer_inputs" name="test_shuffled_storage_maps_to_original_positions_and_exact_prefix" time="0.075" /><testcase classname="tests.unit.test_reaka_r3_transfer_inputs" name="test_scalar_assembly_and_normalization_agree_all_71_channels" time="0.076" /><testcase classname="tests.unit.test_reaka_r3_transfer_inputs" name="test_original_files_are_unchanged_and_label_files_are_not_opened" time="0.074" /><testcase classname="tests.unit.test_reaka_r3_transfer_inputs" name="test_maturity_uses_twenty_calendar_positions_not_label_values" time="0.083" /><testcase classname="tests.unit.test_reaka_r3_transfer_inputs" name="test_missing_history_drops_only_declared_support_without_label_filter" time="0.074" /><testcase classname="tests.unit.test_reaka_r3_transfer_inputs" name="test_dynamic_tail_mask_is_preserved_not_forced_to_one" time="0.077" /><testcase classname="tests.unit.test_reaka_r3_transfer_inputs" name="test_changed_historical_prefix_rejected_in_each_feature[epsilon_history]" time="0.044" /><testcase classname="tests.unit.test_reaka_r3_transfer_inputs" name="test_changed_historical_prefix_rejected_in_each_feature[state_values]" time="0.047" /><testcase classname="tests.unit.test_reaka_r3_transfer_inputs" name="test_changed_historical_prefix_rejected_in_each_feature[stock_factor_exposures]" time="0.050" /><testcase classname="tests.unit.test_reaka_r3_transfer_inputs" name="test_changed_historical_prefix_rejected_in_each_feature[exposure_reliability]" time="0.052" /><testcase classname="tests.unit.test_reaka_r3_transfer_inputs" name="test_changed_historical_prefix_rejected_in_each_feature[state_available]" time="0.055" /><testcase classname="tests.unit.test_reaka_r3_transfer_inputs" name="test_changed_historical_prefix_rejected_in_each_feature[exposure_available]" time="0.061" /><testcase classname="tests.unit.test_reaka_r3_transfer_inputs" name="test_nan_support_change_in_history_prefix_is_not_hidden" time="0.045" /><testcase classname="tests.unit.test_reaka_r3_transfer_inputs" name="test_shuffled_storage_with_recomputed_position_modulo_fold_is_rejected" time="0.039" /><testcase classname="tests.unit.test_reaka_r3_transfer_inputs" name="test_symbol_cohort_not_silently_changed[duplicate]" time="0.039" /><testcase classname="tests.unit.test_reaka_r3_transfer_inputs" name="test_symbol_cohort_not_silently_changed[replacement]" time="0.039" /><testcase classname="tests.unit.test_reaka_r3_transfer_inputs" name="test_symbol_cohort_not_silently_changed[extra]" time="0.039" /><testcase classname="tests.unit.test_reaka_r3_transfer_inputs" name="test_symbol_cohort_not_silently_changed[missing]" time="0.039" /><testcase classname="tests.unit.test_reaka_r3_transfer_inputs" name="test_invalid_bundle_arrays_fail[calendar_prefix]" time="0.040" /><testcase classname="tests.unit.test_reaka_r3_transfer_inputs" name="test_invalid_bundle_arrays_fail[calendar_duplicate]" time="0.039" /><testcase classname="tests.unit.test_reaka_r3_transfer_inputs" name="test_invalid_bundle_arrays_fail[D5_missing]" time="0.039" /><testcase classname="tests.unit.test_reaka_r3_transfer_inputs" name="test_invalid_bundle_arrays_fail[D5_shift]" time="0.039" /><testcase classname="tests.unit.test_reaka_r3_transfer_inputs" name="test_invalid_bundle_arrays_fail[float_dtype]" time="0.051" /><testcase classname="tests.unit.test_reaka_r3_transfer_inputs" name="test_invalid_bundle_arrays_fail[nonbinary]" time="0.057" /><testcase classname="tests.unit.test_reaka_r3_transfer_inputs" name="test_invalid_bundle_arrays_fail[infinite_history]" time="0.047" /><testcase classname="tests.unit.test_reaka_r3_transfer_inputs" name="test_invalid_bundle_arrays_fail[nan_state]" time="0.051" /><testcase classname="tests.unit.test_reaka_r3_transfer_inputs" name="test_invalid_bundle_arrays_fail[bad_reliability]" time="0.053" /><testcase classname="tests.unit.test_reaka_r3_transfer_inputs" name="test_invalid_bundle_arrays_fail[nonzero_unavailable]" time="0.062" /><testcase classname="tests.unit.test_reaka_r3_transfer_inputs" name="test_declared_numeric_recipe_change_rejected[new_model_fits-1]" time="0.035" /><testcase classname="tests.unit.test_reaka_r3_transfer_inputs" name="test_declared_numeric_recipe_change_rejected[new_model_fits-False]" time="0.035" /><testcase classname="tests.unit.test_reaka_r3_transfer_inputs" name="test_declared_numeric_recipe_change_rejected[labels_used_for_features-True]" time="0.035" /><testcase classname="tests.unit.test_reaka_r3_transfer_inputs" name="test_declared_numeric_recipe_change_rejected[selection_refit-True]" time="0.034" /><testcase classname="tests.unit.test_reaka_r3_transfer_inputs" name="test_declared_numeric_recipe_change_rejected[normalizer_refit-True]" time="0.034" /><testcase classname="tests.unit.test_reaka_r3_transfer_inputs" name="test_declared_numeric_recipe_change_rejected[carrier_universe_policy-all_stocks_then_slice]" time="0.034" /><testcase classname="tests.unit.test_reaka_r3_transfer_inputs" name="test_declared_numeric_recipe_change_rejected[selection_freeze_end-2020-12-31]" time="0.034" /><testcase classname="tests.unit.test_reaka_r3_transfer_inputs" name="test_declared_2026_bundle_rejected_before_array_payload_load" time="0.034" /><testcase classname="tests.unit.test_reaka_r3_transfer_inputs" name="test_undeclared_2026_calendar_rejected_before_feature_hash" time="0.038" /><testcase classname="tests.unit.test_reaka_r3_transfer_inputs" name="test_external_bindings_required_and_not_just_self_embedded[normalizer]" time="0.033" /><testcase classname="tests.unit.test_reaka_r3_transfer_inputs" name="test_external_bindings_required_and_not_just_self_embedded[selection]" time="0.034" /><testcase classname="tests.unit.test_reaka_r3_transfer_inputs" name="test_external_bindings_required_and_not_just_self_embedded[reference_manifest]" time="0.033" /><testcase classname="tests.unit.test_reaka_r3_transfer_inputs" name="test_external_bindings_required_and_not_just_self_embedded[bundle_manifest]" time="0.033" /><testcase classname="tests.unit.test_reaka_r3_transfer_inputs" name="test_edited_actual_producer_file_fails_even_without_git_head_change" time="0.041" /><testcase classname="tests.unit.test_reaka_r3_transfer_inputs" name="test_snapshot_records_loaded_untracked_file_not_a_historical_commit" time="0.001" /><testcase classname="tests.unit.test_reaka_r3_transfer_inputs" name="test_empty_loaded_module_snapshot_rejected" time="0.000" /><testcase classname="tests.unit.test_reaka_r3_transfer_inputs" name="test_duplicate_json_and_symlink_escape_rejected" time="0.001" /><testcase classname="tests.unit.test_reaka_r3_transfer_inputs" name="test_no_overwrite_and_no_output_input_overlap" time="0.034" /><testcase classname="tests.unit.test_reaka_r3_transfer_inputs" name="test_second_clock_failure_does_not_publish_first_clock" time="0.105" /><testcase classname="tests.unit.test_reaka_r3_transfer_inputs" name="test_fresh_process_full_two_clock_build_and_read_only_reload" time="0.314" /><testcase classname="tests.unit.test_reaka_r3_transfer_inputs" name="test_no_training_or_label_dependency_imports" time="0.008" /><testcase classname="tests.unit.test_reaka_r3_transfer_inputs" name="test_prefix_origin_must_not_be_implicitly_called_a_replay" time="0.034" /><testcase classname="tests.unit.test_reaka_r3_transfer_inputs" name="test_prefix_copy_does_not_claim_independent_producer_replay" time="0.071" /><testcase classname="tests.unit.test_reaka_r3_transfer_inputs" name="test_empty_new_support_is_failure_not_success" time="0.066" /><testcase classname="tests.unit.test_reaka_r3_transfer_inputs" name="test_loaded_store_detects_output_corruption" time="0.072" /></testsuite></testsuites>