<?xml version="1.0" encoding="utf-8"?><testsuites><testsuite name="pytest" errors="0" failures="0" skipped="0" tests="71" time="2.943" timestamp="2026-09-07T23:52:53.375632+08:00" hostname="debian"><testcase classname="tests.unit.test_reaka_r3_transfer_bridge_contracts" name="test_finite_h20_values_are_actually_checked" time="0.001" /><testcase classname="tests.unit.test_reaka_r3_transfer_bridge_contracts" name="test_h20_does_not_read_later_prices" time="0.000" /><testcase classname="tests.unit.test_reaka_r3_transfer_bridge_contracts" name="test_tail_basis_preserves_original_finite_support_and_global_positions" time="0.002" /><testcase classname="tests.unit.test_reaka_r3_transfer_bridge_contracts" name="test_original_finite_row_policy_rejects_nonfinite_support[nan]" time="0.001" /><testcase classname="tests.unit.test_reaka_r3_transfer_bridge_contracts" name="test_original_finite_row_policy_rejects_nonfinite_support[inf]" time="0.001" /><testcase classname="tests.unit.test_reaka_r3_transfer_bridge_contracts" name="test_original_finite_row_policy_rejects_nonfinite_support[-inf]" time="0.001" /><testcase classname="tests.unit.test_reaka_r3_transfer_bridge_contracts" name="test_basis_all_finite_values_unchanged" time="0.002" /><testcase classname="tests.unit.test_reaka_r3_transfer_bridge_contracts" name="test_shape_drift_rejected" time="0.000" /><testcase classname="tests.unit.test_reaka_r3_transfer_bridge_contracts" name="test_membership_cannot_take_effect_before_or_at_asof[2020-12-31]" time="0.002" /><testcase classname="tests.unit.test_reaka_r3_transfer_bridge_contracts" name="test_membership_cannot_take_effect_before_or_at_asof[2021-01-04]" time="0.001" /><testcase classname="tests.unit.test_reaka_r3_transfer_bridge_contracts" name="test_valid_next_day_membership" time="0.001" /><testcase classname="tests.unit.test_reaka_r3_transfer_bridge_contracts" name="test_missing_member_date_rejected" time="0.001" /><testcase classname="tests.unit.test_reaka_r3_transfer_bridge_contracts" name="test_loader_calls_both_chronology_guards" time="0.013" /><testcase classname="tests.unit.test_reaka_r3_transfer_source_bridge" name="test_h20_history_matches_p6_formula" time="0.001" /><testcase classname="tests.unit.test_reaka_r3_transfer_source_bridge" name="test_truncate_calendar_rejects_2026_and_keeps_endpoint" time="0.001" /><testcase classname="tests.unit.test_reaka_r3_transfer_source_bridge" name="test_d5_lattice_continues_anchor_without_reanchoring" time="0.001" /><testcase classname="tests.unit.test_reaka_r3_transfer_source_bridge" name="test_remap_positions_uses_incumbent_order_not_source_index" time="0.002" /><testcase classname="tests.unit.test_reaka_r3_transfer_source_bridge" name="test_bridge_does_not_call_training_entrypoints" time="0.000" /><testcase classname="tests.unit.test_reaka_r3_transfer_inputs" name="test_shuffled_storage_maps_to_original_positions_and_exact_prefix" time="0.077" /><testcase classname="tests.unit.test_reaka_r3_transfer_inputs" name="test_scalar_assembly_and_normalization_agree_all_71_channels" time="0.079" /><testcase classname="tests.unit.test_reaka_r3_transfer_inputs" name="test_original_files_are_unchanged_and_label_files_are_not_opened" time="0.080" /><testcase classname="tests.unit.test_reaka_r3_transfer_inputs" name="test_maturity_uses_twenty_calendar_positions_not_label_values" time="0.075" /><testcase classname="tests.unit.test_reaka_r3_transfer_inputs" name="test_missing_history_drops_only_declared_support_without_label_filter" time="0.075" /><testcase classname="tests.unit.test_reaka_r3_transfer_inputs" name="test_dynamic_tail_mask_is_preserved_not_forced_to_one" time="0.078" /><testcase classname="tests.unit.test_reaka_r3_transfer_inputs" name="test_changed_historical_prefix_rejected_in_each_feature[epsilon_history]" time="0.045" /><testcase classname="tests.unit.test_reaka_r3_transfer_inputs" name="test_changed_historical_prefix_rejected_in_each_feature[state_values]" time="0.048" /><testcase classname="tests.unit.test_reaka_r3_transfer_inputs" name="test_changed_historical_prefix_rejected_in_each_feature[stock_factor_exposures]" time="0.051" /><testcase classname="tests.unit.test_reaka_r3_transfer_inputs" name="test_changed_historical_prefix_rejected_in_each_feature[exposure_reliability]" time="0.051" /><testcase classname="tests.unit.test_reaka_r3_transfer_inputs" name="test_changed_historical_prefix_rejected_in_each_feature[state_available]" time="0.052" /><testcase classname="tests.unit.test_reaka_r3_transfer_inputs" name="test_changed_historical_prefix_rejected_in_each_feature[exposure_available]" time="0.058" /><testcase classname="tests.unit.test_reaka_r3_transfer_inputs" name="test_nan_support_change_in_history_prefix_is_not_hidden" time="0.042" /><testcase classname="tests.unit.test_reaka_r3_transfer_inputs" name="test_shuffled_storage_with_recomputed_position_modulo_fold_is_rejected" time="0.037" /><testcase classname="tests.unit.test_reaka_r3_transfer_inputs" name="test_symbol_cohort_not_silently_changed[duplicate]" time="0.037" /><testcase classname="tests.unit.test_reaka_r3_transfer_inputs" name="test_symbol_cohort_not_silently_changed[replacement]" time="0.037" /><testcase classname="tests.unit.test_reaka_r3_transfer_inputs" name="test_symbol_cohort_not_silently_changed[extra]" time="0.037" /><testcase classname="tests.unit.test_reaka_r3_transfer_inputs" name="test_symbol_cohort_not_silently_changed[missing]" time="0.037" /><testcase classname="tests.unit.test_reaka_r3_transfer_inputs" name="test_invalid_bundle_arrays_fail[calendar_prefix]" time="0.037" /><testcase classname="tests.unit.test_reaka_r3_transfer_inputs" name="test_invalid_bundle_arrays_fail[calendar_duplicate]" time="0.037" /><testcase classname="tests.unit.test_reaka_r3_transfer_inputs" name="test_invalid_bundle_arrays_fail[D5_missing]" time="0.037" /><testcase classname="tests.unit.test_reaka_r3_transfer_inputs" name="test_invalid_bundle_arrays_fail[D5_shift]" time="0.037" /><testcase classname="tests.unit.test_reaka_r3_transfer_inputs" name="test_invalid_bundle_arrays_fail[float_dtype]" time="0.049" /><testcase classname="tests.unit.test_reaka_r3_transfer_inputs" name="test_invalid_bundle_arrays_fail[nonbinary]" time="0.055" /><testcase classname="tests.unit.test_reaka_r3_transfer_inputs" name="test_invalid_bundle_arrays_fail[infinite_history]" time="0.045" /><testcase classname="tests.unit.test_reaka_r3_transfer_inputs" name="test_invalid_bundle_arrays_fail[nan_state]" time="0.047" /><testcase classname="tests.unit.test_reaka_r3_transfer_inputs" name="test_invalid_bundle_arrays_fail[bad_reliability]" time="0.051" /><testcase classname="tests.unit.test_reaka_r3_transfer_inputs" name="test_invalid_bundle_arrays_fail[nonzero_unavailable]" time="0.059" /><testcase classname="tests.unit.test_reaka_r3_transfer_inputs" name="test_declared_numeric_recipe_change_rejected[new_model_fits-1]" time="0.033" /><testcase classname="tests.unit.test_reaka_r3_transfer_inputs" name="test_declared_numeric_recipe_change_rejected[new_model_fits-False]" time="0.033" /><testcase classname="tests.unit.test_reaka_r3_transfer_inputs" name="test_declared_numeric_recipe_change_rejected[labels_used_for_features-True]" time="0.033" /><testcase classname="tests.unit.test_reaka_r3_transfer_inputs" name="test_declared_numeric_recipe_change_rejected[selection_refit-True]" time="0.033" /><testcase classname="tests.unit.test_reaka_r3_transfer_inputs" name="test_declared_numeric_recipe_change_rejected[normalizer_refit-True]" time="0.034" /><testcase classname="tests.unit.test_reaka_r3_transfer_inputs" name="test_declared_numeric_recipe_change_rejected[carrier_universe_policy-all_stocks_then_slice]" time="0.034" /><testcase classname="tests.unit.test_reaka_r3_transfer_inputs" name="test_declared_numeric_recipe_change_rejected[selection_freeze_end-2020-12-31]" time="0.034" /><testcase classname="tests.unit.test_reaka_r3_transfer_inputs" name="test_declared_2026_bundle_rejected_before_array_payload_load" time="0.034" /><testcase classname="tests.unit.test_reaka_r3_transfer_inputs" name="test_undeclared_2026_calendar_rejected_before_feature_hash" time="0.037" /><testcase classname="tests.unit.test_reaka_r3_transfer_inputs" name="test_external_bindings_required_and_not_just_self_embedded[normalizer]" time="0.033" /><testcase classname="tests.unit.test_reaka_r3_transfer_inputs" name="test_external_bindings_required_and_not_just_self_embedded[selection]" time="0.034" /><testcase classname="tests.unit.test_reaka_r3_transfer_inputs" name="test_external_bindings_required_and_not_just_self_embedded[reference_manifest]" time="0.034" /><testcase classname="tests.unit.test_reaka_r3_transfer_inputs" name="test_external_bindings_required_and_not_just_self_embedded[bundle_manifest]" time="0.035" /><testcase classname="tests.unit.test_reaka_r3_transfer_inputs" name="test_edited_actual_producer_file_fails_even_without_git_head_change" time="0.041" /><testcase classname="tests.unit.test_reaka_r3_transfer_inputs" name="test_snapshot_records_loaded_untracked_file_not_a_historical_commit" time="0.001" /><testcase classname="tests.unit.test_reaka_r3_transfer_inputs" name="test_empty_loaded_module_snapshot_rejected" time="0.000" /><testcase classname="tests.unit.test_reaka_r3_transfer_inputs" name="test_duplicate_json_and_symlink_escape_rejected" time="0.001" /><testcase classname="tests.unit.test_reaka_r3_transfer_inputs" name="test_no_overwrite_and_no_output_input_overlap" time="0.034" /><testcase classname="tests.unit.test_reaka_r3_transfer_inputs" name="test_second_clock_failure_does_not_publish_first_clock" time="0.108" /><testcase classname="tests.unit.test_reaka_r3_transfer_inputs" name="test_fresh_process_full_two_clock_build_and_read_only_reload" time="0.317" /><testcase classname="tests.unit.test_reaka_r3_transfer_inputs" name="test_no_training_or_label_dependency_imports" time="0.010" /><testcase classname="tests.unit.test_reaka_r3_transfer_inputs" name="test_prefix_origin_must_not_be_implicitly_called_a_replay" time="0.035" /><testcase classname="tests.unit.test_reaka_r3_transfer_inputs" name="test_prefix_copy_does_not_claim_independent_producer_replay" time="0.074" /><testcase classname="tests.unit.test_reaka_r3_transfer_inputs" name="test_empty_new_support_is_failure_not_success" time="0.067" /><testcase classname="tests.unit.test_reaka_r3_transfer_inputs" name="test_loaded_store_detects_output_corruption" time="0.072" /></testsuite></testsuites>